<?xml version="1.0" encoding="UTF-8"?>
<testng-results ignored="0" total="1" passed="1" failed="0" skipped="0">
  <reporter-output>
  </reporter-output>
  <suite started-at="2022-10-29T22:31:16 IST" name="Default suite" finished-at="2022-10-29T22:32:21 IST" duration-ms="65620">
    <groups>
    </groups>
    <test started-at="2022-10-29T22:31:16 IST" name="Default test" finished-at="2022-10-29T22:32:21 IST" duration-ms="65620">
      <class name="TestScenarios.TestMethods_ContatctUs">
        <test-method is-config="true" signature="beforetest()[pri:0, instance:TestScenarios.TestMethods_ContatctUs@4f83df68]" started-at="2022-10-29T22:31:16 IST" name="beforetest" finished-at="2022-10-29T22:32:19 IST" duration-ms="62920" status="PASS">
          <reporter-output>
          </reporter-output>
        </test-method> <!-- beforetest -->
        <test-method signature="SearchOperation()[pri:0, instance:TestScenarios.TestMethods_ContatctUs@4f83df68]" started-at="2022-10-29T22:32:19 IST" name="SearchOperation" finished-at="2022-10-29T22:32:19 IST" duration-ms="183" status="PASS">
          <reporter-output>
          </reporter-output>
        </test-method> <!-- SearchOperation -->
        <test-method is-config="true" signature="aftertest()[pri:0, instance:TestScenarios.TestMethods_ContatctUs@4f83df68]" started-at="2022-10-29T22:32:19 IST" name="aftertest" finished-at="2022-10-29T22:32:21 IST" duration-ms="1985" status="PASS">
          <reporter-output>
          </reporter-output>
        </test-method> <!-- aftertest -->
      </class> <!-- TestScenarios.TestMethods_ContatctUs -->
    </test> <!-- Default test -->
  </suite> <!-- Default suite -->
</testng-results>
